[Pokedex] 08042024.120209.472 [I] - Loading pokedex..
[Pokedex] 08042024.120212.705 [I] - Added pokemon 1:Bulbasaur
[Pokedex] 08042024.120212.726 [I] - Added pokemon 2:Ivysaur
[Pokedex] 08042024.120212.737 [I] - Added pokemon 3:Venusaur
[Pokedex] 08042024.120212.753 [I] - Added pokemon 4:Charmander
[Pokedex] 08042024.120212.771 [I] - Added pokemon 5:Charmeleon
[Pokedex] 08042024.120212.788 [I] - Added pokemon 6:Charizard
[Pokedex] 08042024.120212.803 [I] - Added pokemon 7:Squirtle
[Pokedex] 08042024.120212.821 [I] - Added pokemon 8:Wartortle
[Pokedex] 08042024.120212.835 [I] - Added pokemon 9:Blastoise
[Pokedex] 08042024.120212.852 [I] - Added pokemon 10:Caterpie
[Pokedex] 08042024.120212.865 [I] - Added pokemon 11:Metapod
[Pokedex] 08042024.120212.886 [I] - Added pokemon 12:Butterfree
[Pokedex] 08042024.120212.904 [I] - Added pokemon 13:Weedle
[Pokedex] 08042024.120212.919 [I] - Added pokemon 14:Kakuna
[Pokedex] 08042024.120212.936 [I] - Added pokemon 15:Beedrill
[Pokedex] 08042024.120212.958 [I] - Added pokemon 16:Pidgey
[Pokedex] 08042024.120212.974 [I] - Added pokemon 17:Pidgeotto
[Pokedex] 08042024.120212.993 [I] - Added pokemon 18:Pidgeot
[Pokedex] 08042024.120213.006 [I] - Added pokemon 19:Rattata
[Pokedex] 08042024.120213.032 [I] - Added pokemon 20:Raticate
[Pokedex] 08042024.120213.054 [I] - Added pokemon 21:Spearow
[Pokedex] 08042024.120213.073 [I] - Added pokemon 22:Fearow
[Pokedex] 08042024.120213.087 [I] - Added pokemon 23:Ekans
[Pokedex] 08042024.120213.107 [I] - Added pokemon 24:Arbok
[Pokedex] 08042024.120213.128 [I] - Added pokemon 25:Pikachu
[Pokedex] 08042024.120213.154 [I] - Added pokemon 26:Raichu
[Pokedex] 08042024.120213.173 [I] - Added pokemon 27:Sandshrew
[Pokedex] 08042024.120213.189 [I] - Added pokemon 28:Sandslash
[Pokedex] 08042024.120213.207 [I] - Added pokemon 29:Nidoran♀
[Pokedex] 08042024.120213.232 [I] - Added pokemon 30:Nidorina
[Pokedex] 08042024.120213.252 [I] - Added pokemon 31:Nidoqueen
[Pokedex] 08042024.120213.270 [I] - Added pokemon 32:Nidoran♂
[Pokedex] 08042024.120213.287 [I] - Added pokemon 33:Nidorino
[Pokedex] 08042024.120213.306 [I] - Added pokemon 34:Nidoking
[Pokedex] 08042024.120213.327 [I] - Added pokemon 35:Clefairy
[Pokedex] 08042024.120213.339 [I] - Added pokemon 36:Clefable
[Pokedex] 08042024.120213.354 [I] - Added pokemon 37:Vulpix
[Pokedex] 08042024.120213.371 [I] - Added pokemon 38:Ninetales
[Pokedex] 08042024.120213.429 [I] - Added pokemon 39:Jigglypuff
[Pokedex] 08042024.120213.450 [I] - Added pokemon 40:Wigglytuff
[Pokedex] 08042024.120213.469 [I] - Added pokemon 41:Zubat
[Pokedex] 08042024.120213.488 [I] - Added pokemon 42:Golbat
[Pokedex] 08042024.120213.510 [I] - Added pokemon 43:Oddish
[Pokedex] 08042024.120213.529 [I] - Added pokemon 44:Gloom
[Pokedex] 08042024.120213.551 [I] - Added pokemon 45:Vileplume
[Pokedex] 08042024.120213.571 [I] - Added pokemon 46:Paras
[Pokedex] 08042024.120213.592 [I] - Added pokemon 47:Parasect
[Pokedex] 08042024.120213.617 [I] - Added pokemon 48:Venonat
[Pokedex] 08042024.120213.650 [I] - Added pokemon 49:Venomoth
[Pokedex] 08042024.120213.693 [I] - Added pokemon 50:Diglett
[Pokedex] 08042024.120213.780 [I] - Added pokemon 51:Dugtrio
[Pokedex] 08042024.120213.887 [I] - Added pokemon 52:Meowth
[Pokedex] 08042024.120213.910 [I] - Added pokemon 53:Persian
[Pokedex] 08042024.120213.939 [I] - Added pokemon 54:Psyduck
[Pokedex] 08042024.120213.984 [I] - Added pokemon 55:Golduck
[Pokedex] 08042024.120214.019 [I] - Added pokemon 56:Mankey
[Pokedex] 08042024.120214.062 [I] - Added pokemon 57:Primeape
[Pokedex] 08042024.120214.083 [I] - Added pokemon 58:Growlithe
[Pokedex] 08042024.120214.106 [I] - Added pokemon 59:Arcanine
[Pokedex] 08042024.120214.125 [I] - Added pokemon 60:Poliwag
[Pokedex] 08042024.120214.141 [I] - Added pokemon 61:Poliwhirl
[Pokedex] 08042024.120214.159 [I] - Added pokemon 62:Poliwrath
[Pokedex] 08042024.120214.179 [I] - Added pokemon 63:Abra
[Pokedex] 08042024.120214.198 [I] - Added pokemon 64:Kadabra
[Pokedex] 08042024.120214.226 [I] - Added pokemon 65:Alakazam
[Pokedex] 08042024.120214.247 [I] - Added pokemon 66:Machop
[Pokedex] 08042024.120214.284 [I] - Added pokemon 67:Machoke
[Pokedex] 08042024.120214.309 [I] - Added pokemon 68:Machamp
[Pokedex] 08042024.120214.328 [I] - Added pokemon 69:Bellsprout
[Pokedex] 08042024.120214.347 [I] - Added pokemon 70:Weepinbell
[Pokedex] 08042024.120214.371 [I] - Added pokemon 71:Victreebel
[Pokedex] 08042024.120214.390 [I] - Added pokemon 72:Tentacool
[Pokedex] 08042024.120214.411 [I] - Added pokemon 73:Tentacruel
[Pokedex] 08042024.120214.434 [I] - Added pokemon 74:Geodude
[Pokedex] 08042024.120214.452 [I] - Added pokemon 75:Graveler
[Pokedex] 08042024.120214.470 [I] - Added pokemon 76:Golem
[Pokedex] 08042024.120214.489 [I] - Added pokemon 77:Ponyta
[Pokedex] 08042024.120214.524 [I] - Added pokemon 78:Rapidash
[Pokedex] 08042024.120214.546 [I] - Added pokemon 79:Slowpoke
[Pokedex] 08042024.120214.589 [I] - Added pokemon 80:Slowbro
[Pokedex] 08042024.120214.613 [I] - Added pokemon 81:Magnemite
[Pokedex] 08042024.120214.682 [I] - Added pokemon 82:Magneton
[Pokedex] 08042024.120214.773 [I] - Added pokemon 83:Farfetch’d
[Pokedex] 08042024.120214.859 [I] - Added pokemon 84:Doduo
[Pokedex] 08042024.120214.891 [I] - Added pokemon 85:Dodrio
[Pokedex] 08042024.120214.917 [I] - Added pokemon 86:Seel
[Pokedex] 08042024.120214.955 [I] - Added pokemon 87:Dewgong
[Pokedex] 08042024.120215.056 [I] - Added pokemon 88:Grimer
[Pokedex] 08042024.120215.093 [I] - Added pokemon 89:Muk
[Pokedex] 08042024.120215.115 [I] - Added pokemon 90:Shellder
[Pokedex] 08042024.120215.141 [I] - Added pokemon 91:Cloyster
[Pokedex] 08042024.120215.161 [I] - Added pokemon 92:Gastly
[Pokedex] 08042024.120215.181 [I] - Added pokemon 93:Haunter
[Pokedex] 08042024.120215.255 [I] - Added pokemon 94:Gengar
[Pokedex] 08042024.120215.277 [I] - Added pokemon 95:Onix
[Pokedex] 08042024.120215.299 [I] - Added pokemon 96:Drowzee
[Pokedex] 08042024.120215.349 [I] - Added pokemon 97:Hypno
[Pokedex] 08042024.120215.410 [I] - Added pokemon 98:Krabby
[Pokedex] 08042024.120215.434 [I] - Added pokemon 99:Kingler
[Pokedex] 08042024.120215.467 [I] - Added pokemon 100:Voltorb
[Pokedex] 08042024.120215.523 [I] - Added pokemon 101:Electrode
[Pokedex] 08042024.120215.551 [I] - Added pokemon 102:Exeggcute
[Pokedex] 08042024.120215.583 [I] - Added pokemon 103:Exeggutor
[Pokedex] 08042024.120215.670 [I] - Added pokemon 104:Cubone
[Pokedex] 08042024.120215.708 [I] - Added pokemon 105:Marowak
[Pokedex] 08042024.120215.756 [I] - Added pokemon 106:Hitmonlee
[Pokedex] 08042024.120215.813 [I] - Added pokemon 107:Hitmonchan
[Pokedex] 08042024.120215.858 [I] - Added pokemon 108:Lickitung
[Pokedex] 08042024.120215.878 [I] - Added pokemon 109:Koffing
[Pokedex] 08042024.120215.906 [I] - Added pokemon 110:Weezing
[Pokedex] 08042024.120215.936 [I] - Added pokemon 111:Rhyhorn
[Pokedex] 08042024.120215.989 [I] - Added pokemon 112:Rhydon
[Pokedex] 08042024.120216.013 [I] - Added pokemon 113:Chansey
[Pokedex] 08042024.120216.033 [I] - Added pokemon 114:Tangela
[Pokedex] 08042024.120216.065 [I] - Added pokemon 115:Kangaskhan
[Pokedex] 08042024.120216.193 [I] - Added pokemon 116:Horsea
[Pokedex] 08042024.120216.226 [I] - Added pokemon 117:Seadra
[Pokedex] 08042024.120216.261 [I] - Added pokemon 118:Goldeen
[Pokedex] 08042024.120216.296 [I] - Added pokemon 119:Seaking
[Pokedex] 08042024.120216.320 [I] - Added pokemon 120:Staryu
[Pokedex] 08042024.120216.344 [I] - Added pokemon 121:Starmie
[Pokedex] 08042024.120216.378 [I] - Added pokemon 122:Mr. Mime
[Pokedex] 08042024.120216.411 [I] - Added pokemon 123:Scyther
[Pokedex] 08042024.120216.437 [I] - Added pokemon 124:Jynx
[Pokedex] 08042024.120216.464 [I] - Added pokemon 125:Electabuzz
[Pokedex] 08042024.120216.482 [I] - Added pokemon 126:Magmar
[Pokedex] 08042024.120216.502 [I] - Added pokemon 127:Pinsir
[Pokedex] 08042024.120216.530 [I] - Added pokemon 128:Tauros
[Pokedex] 08042024.120216.559 [I] - Added pokemon 129:Magikarp
[Pokedex] 08042024.120216.580 [I] - Added pokemon 130:Gyarados
[Pokedex] 08042024.120216.605 [I] - Added pokemon 131:Lapras
[Pokedex] 08042024.120216.628 [I] - Added pokemon 132:Ditto
[Pokedex] 08042024.120216.654 [I] - Added pokemon 133:Eevee
[Pokedex] 08042024.120216.681 [I] - Added pokemon 134:Vaporeon
[Pokedex] 08042024.120216.702 [I] - Added pokemon 135:Jolteon
[Pokedex] 08042024.120216.732 [I] - Added pokemon 136:Flareon
[Pokedex] 08042024.120216.762 [I] - Added pokemon 137:Porygon
[Pokedex] 08042024.120216.786 [I] - Added pokemon 138:Omanyte
[Pokedex] 08042024.120216.804 [I] - Added pokemon 139:Omastar
[Pokedex] 08042024.120216.828 [I] - Added pokemon 140:Kabuto
[Pokedex] 08042024.120216.857 [I] - Added pokemon 141:Kabutops
[Pokedex] 08042024.120216.879 [I] - Added pokemon 142:Aerodactyl
[Pokedex] 08042024.120216.905 [I] - Added pokemon 143:Snorlax
[Pokedex] 08042024.120216.927 [I] - Added pokemon 144:Articuno
[Pokedex] 08042024.120216.956 [I] - Added pokemon 145:Zapdos
[Pokedex] 08042024.120216.989 [I] - Added pokemon 146:Moltres
[Pokedex] 08042024.120217.014 [I] - Added pokemon 147:Dratini
[Pokedex] 08042024.120217.035 [I] - Added pokemon 148:Dragonair
[Pokedex] 08042024.120217.066 [I] - Added pokemon 149:Dragonite
[Pokedex] 08042024.120217.094 [I] - Added pokemon 150:Mewtwo
[Pokedex] 08042024.120217.119 [I] - Added pokemon 151:Mew
[Pokedex] 08042024.120217.143 [I] - Added pokemon 152:Chikorita
[Pokedex] 08042024.120217.165 [I] - Added pokemon 153:Bayleef
[Pokedex] 08042024.120217.187 [I] - Added pokemon 154:Meganium
[Pokedex] 08042024.120217.212 [I] - Added pokemon 155:Cyndaquil
[Pokedex] 08042024.120217.237 [I] - Added pokemon 156:Quilava
[Pokedex] 08042024.120217.258 [I] - Added pokemon 157:Typhlosion
[Pokedex] 08042024.120217.310 [I] - Added pokemon 158:Totodile
[Pokedex] 08042024.120217.345 [I] - Added pokemon 159:Croconaw
[Pokedex] 08042024.120217.380 [I] - Added pokemon 160:Feraligatr
[Pokedex] 08042024.120217.404 [I] - Added pokemon 161:Sentret
[Pokedex] 08042024.120217.440 [I] - Added pokemon 162:Furret
[Pokedex] 08042024.120217.470 [I] - Added pokemon 163:Hoothoot
[Pokedex] 08042024.120217.531 [I] - Added pokemon 164:Noctowl
[Pokedex] 08042024.120217.553 [I] - Added pokemon 165:Ledyba
[Pokedex] 08042024.120217.585 [I] - Added pokemon 166:Ledian
[Pokedex] 08042024.120217.613 [I] - Added pokemon 167:Spinarak
[Pokedex] 08042024.120217.636 [I] - Added pokemon 168:Ariados
[Pokedex] 08042024.120217.662 [I] - Added pokemon 169:Crobat
[Pokedex] 08042024.120217.684 [I] - Added pokemon 170:Chinchou
[Pokedex] 08042024.120217.703 [I] - Added pokemon 171:Lanturn
[Pokedex] 08042024.120217.724 [I] - Added pokemon 172:Pichu
[Pokedex] 08042024.120217.748 [I] - Added pokemon 173:Cleffa
[Pokedex] 08042024.120217.769 [I] - Added pokemon 174:Igglybuff
[Pokedex] 08042024.120217.791 [I] - Added pokemon 175:Togepi
[Pokedex] 08042024.120217.810 [I] - Added pokemon 176:Togetic
[Pokedex] 08042024.120217.836 [I] - Added pokemon 177:Natu
[Pokedex] 08042024.120217.857 [I] - Added pokemon 178:Xatu
[Pokedex] 08042024.120217.886 [I] - Added pokemon 179:Mareep
[Pokedex] 08042024.120217.909 [I] - Added pokemon 180:Flaaffy
[Pokedex] 08042024.120217.933 [I] - Added pokemon 181:Ampharos
[Pokedex] 08042024.120217.955 [I] - Added pokemon 182:Bellossom
[Pokedex] 08042024.120217.979 [I] - Added pokemon 183:Marill
[Pokedex] 08042024.120218.008 [I] - Added pokemon 184:Azumarill
[Pokedex] 08042024.120218.030 [I] - Added pokemon 185:Sudowoodo
[Pokedex] 08042024.120218.053 [I] - Added pokemon 186:Politoed
[Pokedex] 08042024.120218.073 [I] - Added pokemon 187:Hoppip
[Pokedex] 08042024.120218.097 [I] - Added pokemon 188:Skiploom
[Pokedex] 08042024.120218.118 [I] - Added pokemon 189:Jumpluff
[Pokedex] 08042024.120218.140 [I] - Added pokemon 190:Aipom
[Pokedex] 08042024.120218.158 [I] - Added pokemon 191:Sunkern
[Pokedex] 08042024.120218.177 [I] - Added pokemon 192:Sunflora
[Pokedex] 08042024.120218.199 [I] - Added pokemon 193:Yanma
[Pokedex] 08042024.120218.213 [I] - Added pokemon 194:Wooper
[Pokedex] 08042024.120218.234 [I] - Added pokemon 195:Quagsire
[Pokedex] 08042024.120218.256 [I] - Added pokemon 196:Espeon
[Pokedex] 08042024.120218.278 [I] - Added pokemon 197:Umbreon
[Pokedex] 08042024.120218.298 [I] - Added pokemon 198:Murkrow
[Pokedex] 08042024.120218.319 [I] - Added pokemon 199:Slowking
[Pokedex] 08042024.120218.337 [I] - Added pokemon 200:Misdreavus
[Pokedex] 08042024.120218.356 [I] - Added pokemon 201:Unown
[Pokedex] 08042024.120218.379 [I] - Added pokemon 202:Wobbuffet
[Pokedex] 08042024.120218.394 [I] - Added pokemon 203:Girafarig
[Pokedex] 08042024.120218.420 [I] - Added pokemon 204:Pineco
[Pokedex] 08042024.120218.443 [I] - Added pokemon 205:Forretress
[Pokedex] 08042024.120218.466 [I] - Added pokemon 206:Dunsparce
[Pokedex] 08042024.120218.493 [I] - Added pokemon 207:Gligar
[Pokedex] 08042024.120218.516 [I] - Added pokemon 208:Steelix
[Pokedex] 08042024.120218.539 [I] - Added pokemon 209:Snubbull
[Pokedex] 08042024.120218.557 [I] - Added pokemon 210:Granbull
[Pokedex] 08042024.120218.583 [I] - Added pokemon 211:Qwilfish
[Pokedex] 08042024.120218.601 [I] - Added pokemon 212:Scizor
[Pokedex] 08042024.120218.622 [I] - Added pokemon 213:Shuckle
[Pokedex] 08042024.120218.648 [I] - Added pokemon 214:Heracross
[Pokedex] 08042024.120218.667 [I] - Added pokemon 215:Sneasel
[Pokedex] 08042024.120218.690 [I] - Added pokemon 216:Teddiursa
[Pokedex] 08042024.120218.712 [I] - Added pokemon 217:Ursaring
[Pokedex] 08042024.120218.737 [I] - Added pokemon 218:Slugma
[Pokedex] 08042024.120218.764 [I] - Added pokemon 219:Magcargo
[Pokedex] 08042024.120218.784 [I] - Added pokemon 220:Swinub
[Pokedex] 08042024.120218.804 [I] - Added pokemon 221:Piloswine
[Pokedex] 08042024.120218.826 [I] - Added pokemon 222:Corsola
[Pokedex] 08042024.120218.843 [I] - Added pokemon 223:Remoraid
[Pokedex] 08042024.120218.865 [I] - Added pokemon 224:Octillery
[Pokedex] 08042024.120218.891 [I] - Added pokemon 225:Delibird
[Pokedex] 08042024.120218.920 [I] - Added pokemon 226:Mantine
[Pokedex] 08042024.120218.955 [I] - Added pokemon 227:Skarmory
[Pokedex] 08042024.120218.989 [I] - Added pokemon 228:Houndour
[Pokedex] 08042024.120219.017 [I] - Added pokemon 229:Houndoom
[Pokedex] 08042024.120219.036 [I] - Added pokemon 230:Kingdra
[Pokedex] 08042024.120219.057 [I] - Added pokemon 231:Phanpy
[Pokedex] 08042024.120219.086 [I] - Added pokemon 232:Donphan
[Pokedex] 08042024.120219.110 [I] - Added pokemon 233:Porygon2
[Pokedex] 08042024.120219.125 [I] - Added pokemon 234:Stantler
[Pokedex] 08042024.120219.152 [I] - Added pokemon 235:Smeargle
[Pokedex] 08042024.120219.174 [I] - Added pokemon 236:Tyrogue
[Pokedex] 08042024.120219.193 [I] - Added pokemon 237:Hitmontop
[Pokedex] 08042024.120219.210 [I] - Added pokemon 238:Smoochum
[Pokedex] 08042024.120219.234 [I] - Added pokemon 239:Elekid
[Pokedex] 08042024.120219.252 [I] - Added pokemon 240:Magby
[Pokedex] 08042024.120219.271 [I] - Added pokemon 241:Miltank
[Pokedex] 08042024.120219.287 [I] - Added pokemon 242:Blissey
[Pokedex] 08042024.120219.302 [I] - Added pokemon 243:Raikou
[Pokedex] 08042024.120219.320 [I] - Added pokemon 244:Entei
[Pokedex] 08042024.120219.345 [I] - Added pokemon 245:Suicune
[Pokedex] 08042024.120219.369 [I] - Added pokemon 246:Larvitar
[Pokedex] 08042024.120219.389 [I] - Added pokemon 247:Pupitar
[Pokedex] 08042024.120219.412 [I] - Added pokemon 248:Tyranitar
[Pokedex] 08042024.120219.429 [I] - Added pokemon 249:Lugia
[Pokedex] 08042024.120219.452 [I] - Added pokemon 250:Ho-Oh
[Pokedex] 08042024.120219.476 [I] - Added pokemon 251:Celebi
[Pokedex] 08042024.120219.499 [I] - Added pokemon 252:Treecko
[Pokedex] 08042024.120219.517 [I] - Added pokemon 253:Grovyle
[Pokedex] 08042024.120219.531 [I] - Added pokemon 254:Sceptile
[Pokedex] 08042024.120219.546 [I] - Added pokemon 255:Torchic
[Pokedex] 08042024.120219.563 [I] - Added pokemon 256:Combusken
[Pokedex] 08042024.120219.590 [I] - Added pokemon 257:Blaziken
[Pokedex] 08042024.120219.609 [I] - Added pokemon 258:Mudkip
[Pokedex] 08042024.120219.630 [I] - Added pokemon 259:Marshtomp
[Pokedex] 08042024.120219.648 [I] - Added pokemon 260:Swampert
[Pokedex] 08042024.120219.667 [I] - Added pokemon 261:Poochyena
[Pokedex] 08042024.120219.690 [I] - Added pokemon 262:Mightyena
[Pokedex] 08042024.120219.713 [I] - Added pokemon 263:Zigzagoon
[Pokedex] 08042024.120219.735 [I] - Added pokemon 264:Linoone
[Pokedex] 08042024.120219.765 [I] - Added pokemon 265:Wurmple
[Pokedex] 08042024.120219.791 [I] - Added pokemon 266:Silcoon
[Pokedex] 08042024.120219.815 [I] - Added pokemon 267:Beautifly
[Pokedex] 08042024.120219.848 [I] - Added pokemon 268:Cascoon
[Pokedex] 08042024.120219.878 [I] - Added pokemon 269:Dustox
[Pokedex] 08042024.120219.907 [I] - Added pokemon 270:Lotad
[Pokedex] 08042024.120219.931 [I] - Added pokemon 271:Lombre
[Pokedex] 08042024.120219.956 [I] - Added pokemon 272:Ludicolo
[Pokedex] 08042024.120219.977 [I] - Added pokemon 273:Seedot
[Pokedex] 08042024.120219.997 [I] - Added pokemon 274:Nuzleaf
[Pokedex] 08042024.120220.022 [I] - Added pokemon 275:Shiftry
[Pokedex] 08042024.120220.042 [I] - Added pokemon 276:Taillow
[Pokedex] 08042024.120220.062 [I] - Added pokemon 277:Swellow
[Pokedex] 08042024.120220.088 [I] - Added pokemon 278:Wingull
[Pokedex] 08042024.120220.113 [I] - Added pokemon 279:Pelipper
[Pokedex] 08042024.120220.133 [I] - Added pokemon 280:Ralts
[Pokedex] 08042024.120220.159 [I] - Added pokemon 281:Kirlia
[Pokedex] 08042024.120220.181 [I] - Added pokemon 282:Gardevoir
[Pokedex] 08042024.120220.204 [I] - Added pokemon 283:Surskit
[Pokedex] 08042024.120220.232 [I] - Added pokemon 284:Masquerain
[Pokedex] 08042024.120220.257 [I] - Added pokemon 285:Shroomish
[Pokedex] 08042024.120220.280 [I] - Added pokemon 286:Breloom
[Pokedex] 08042024.120220.307 [I] - Added pokemon 287:Slakoth
[Pokedex] 08042024.120220.327 [I] - Added pokemon 288:Vigoroth
[Pokedex] 08042024.120220.346 [I] - Added pokemon 289:Slaking
[Pokedex] 08042024.120220.366 [I] - Added pokemon 290:Nincada
[Pokedex] 08042024.120220.389 [I] - Added pokemon 291:Ninjask
[Pokedex] 08042024.120220.409 [I] - Added pokemon 292:Shedinja
[Pokedex] 08042024.120220.436 [I] - Added pokemon 293:Whismur
[Pokedex] 08042024.120220.462 [I] - Added pokemon 294:Loudred
[Pokedex] 08042024.120220.481 [I] - Added pokemon 295:Exploud
[Pokedex] 08042024.120220.498 [I] - Added pokemon 296:Makuhita
[Pokedex] 08042024.120220.516 [I] - Added pokemon 297:Hariyama
[Pokedex] 08042024.120220.531 [I] - Added pokemon 298:Azurill
[Pokedex] 08042024.120220.560 [I] - Added pokemon 299:Nosepass
[Pokedex] 08042024.120220.577 [I] - Added pokemon 300:Skitty
[Pokedex] 08042024.120220.593 [I] - Added pokemon 301:Delcatty
[Pokedex] 08042024.120220.615 [I] - Added pokemon 302:Sableye
[Pokedex] 08042024.120220.631 [I] - Added pokemon 303:Mawile
[Pokedex] 08042024.120220.657 [I] - Added pokemon 304:Aron
[Pokedex] 08042024.120220.681 [I] - Added pokemon 305:Lairon
[Pokedex] 08042024.120220.701 [I] - Added pokemon 306:Aggron
[Pokedex] 08042024.120220.721 [I] - Added pokemon 307:Meditite
[Pokedex] 08042024.120220.740 [I] - Added pokemon 308:Medicham
[Pokedex] 08042024.120220.761 [I] - Added pokemon 309:Electrike
[Pokedex] 08042024.120220.778 [I] - Added pokemon 310:Manectric
[Pokedex] 08042024.120220.793 [I] - Added pokemon 311:Plusle
[Pokedex] 08042024.120220.819 [I] - Added pokemon 312:Minun
[Pokedex] 08042024.120220.840 [I] - Added pokemon 313:Volbeat
[Pokedex] 08042024.120220.862 [I] - Added pokemon 314:Illumise
[Pokedex] 08042024.120220.879 [I] - Added pokemon 315:Roselia
[Pokedex] 08042024.120220.894 [I] - Added pokemon 316:Gulpin
[Pokedex] 08042024.120220.919 [I] - Added pokemon 317:Swalot
[Pokedex] 08042024.120220.937 [I] - Added pokemon 318:Carvanha
[Pokedex] 08042024.120220.952 [I] - Added pokemon 319:Sharpedo
[Pokedex] 08042024.120220.974 [I] - Added pokemon 320:Wailmer
[Pokedex] 08042024.120220.989 [I] - Added pokemon 321:Wailord
[Pokedex] 08042024.120221.007 [I] - Added pokemon 322:Numel
[Pokedex] 08042024.120221.023 [I] - Added pokemon 323:Camerupt
[Pokedex] 08042024.120221.043 [I] - Added pokemon 324:Torkoal
[Pokedex] 08042024.120221.060 [I] - Added pokemon 325:Spoink
[Pokedex] 08042024.120221.077 [I] - Added pokemon 326:Grumpig
[Pokedex] 08042024.120221.090 [I] - Added pokemon 327:Spinda
[Pokedex] 08042024.120221.107 [I] - Added pokemon 328:Trapinch
[Pokedex] 08042024.120221.125 [I] - Added pokemon 329:Vibrava
[Pokedex] 08042024.120221.143 [I] - Added pokemon 330:Flygon
[Pokedex] 08042024.120221.163 [I] - Added pokemon 331:Cacnea
[Pokedex] 08042024.120221.183 [I] - Added pokemon 332:Cacturne
[Pokedex] 08042024.120221.206 [I] - Added pokemon 333:Swablu
[Pokedex] 08042024.120221.223 [I] - Added pokemon 334:Altaria
[Pokedex] 08042024.120221.237 [I] - Added pokemon 335:Zangoose
[Pokedex] 08042024.120221.253 [I] - Added pokemon 336:Seviper
[Pokedex] 08042024.120221.276 [I] - Added pokemon 337:Lunatone
[Pokedex] 08042024.120221.297 [I] - Added pokemon 338:Solrock
[Pokedex] 08042024.120221.314 [I] - Added pokemon 339:Barboach
[Pokedex] 08042024.120221.329 [I] - Added pokemon 340:Whiscash
[Pokedex] 08042024.120221.349 [I] - Added pokemon 341:Corphish
[Pokedex] 08042024.120221.368 [I] - Added pokemon 342:Crawdaunt
[Pokedex] 08042024.120221.384 [I] - Added pokemon 343:Baltoy
[Pokedex] 08042024.120221.403 [I] - Added pokemon 344:Claydol
[Pokedex] 08042024.120221.428 [I] - Added pokemon 345:Lileep
[Pokedex] 08042024.120221.444 [I] - Added pokemon 346:Cradily
[Pokedex] 08042024.120221.464 [I] - Added pokemon 347:Anorith
[Pokedex] 08042024.120221.485 [I] - Added pokemon 348:Armaldo
[Pokedex] 08042024.120221.508 [I] - Added pokemon 349:Feebas
[Pokedex] 08042024.120221.535 [I] - Added pokemon 350:Milotic
[Pokedex] 08042024.120221.558 [I] - Added pokemon 351:Castform
[Pokedex] 08042024.120221.575 [I] - Added pokemon 352:Kecleon
[Pokedex] 08042024.120221.593 [I] - Added pokemon 353:Shuppet
[Pokedex] 08042024.120221.613 [I] - Added pokemon 354:Banette
[Pokedex] 08042024.120221.630 [I] - Added pokemon 355:Duskull
[Pokedex] 08042024.120221.650 [I] - Added pokemon 356:Dusclops
[Pokedex] 08042024.120221.668 [I] - Added pokemon 357:Tropius
[Pokedex] 08042024.120221.688 [I] - Added pokemon 358:Chimecho
[Pokedex] 08042024.120221.709 [I] - Added pokemon 359:Absol
[Pokedex] 08042024.120221.726 [I] - Added pokemon 360:Wynaut
[Pokedex] 08042024.120221.740 [I] - Added pokemon 361:Snorunt
[Pokedex] 08042024.120221.758 [I] - Added pokemon 362:Glalie
[Pokedex] 08042024.120221.777 [I] - Added pokemon 363:Spheal
[Pokedex] 08042024.120221.794 [I] - Added pokemon 364:Sealeo
[Pokedex] 08042024.120221.818 [I] - Added pokemon 365:Walrein
[Pokedex] 08042024.120221.842 [I] - Added pokemon 366:Clamperl
[Pokedex] 08042024.120221.866 [I] - Added pokemon 367:Huntail
[Pokedex] 08042024.120221.893 [I] - Added pokemon 368:Gorebyss
[Pokedex] 08042024.120221.911 [I] - Added pokemon 369:Relicanth
[Pokedex] 08042024.120221.930 [I] - Added pokemon 370:Luvdisc
[Pokedex] 08042024.120221.943 [I] - Added pokemon 371:Bagon
[Pokedex] 08042024.120221.963 [I] - Added pokemon 372:Shelgon
[Pokedex] 08042024.120221.977 [I] - Added pokemon 373:Salamence
[Pokedex] 08042024.120221.998 [I] - Added pokemon 374:Beldum
[Pokedex] 08042024.120222.017 [I] - Added pokemon 375:Metang
[Pokedex] 08042024.120222.034 [I] - Added pokemon 376:Metagross
[Pokedex] 08042024.120222.054 [I] - Added pokemon 377:Regirock
[Pokedex] 08042024.120222.077 [I] - Added pokemon 378:Regice
[Pokedex] 08042024.120222.096 [I] - Added pokemon 379:Registeel
[Pokedex] 08042024.120222.110 [I] - Added pokemon 380:Latias
[Pokedex] 08042024.120222.128 [I] - Added pokemon 381:Latios
[Pokedex] 08042024.120222.147 [I] - Added pokemon 382:Kyogre
[Pokedex] 08042024.120222.171 [I] - Added pokemon 383:Groudon
[Pokedex] 08042024.120222.194 [I] - Added pokemon 384:Rayquaza
[Pokedex] 08042024.120222.213 [I] - Added pokemon 385:Jirachi
[Pokedex] 08042024.120222.233 [I] - Added pokemon 386:Deoxys
[Pokedex] 08042024.120222.251 [I] - Added pokemon 387:Turtwig
[Pokedex] 08042024.120222.269 [I] - Added pokemon 388:Grotle
[Pokedex] 08042024.120222.283 [I] - Added pokemon 389:Torterra
[Pokedex] 08042024.120222.302 [I] - Added pokemon 390:Chimchar
[Pokedex] 08042024.120222.326 [I] - Added pokemon 391:Monferno
[Pokedex] 08042024.120222.348 [I] - Added pokemon 392:Infernape
[Pokedex] 08042024.120222.365 [I] - Added pokemon 393:Piplup
[Pokedex] 08042024.120222.381 [I] - Added pokemon 394:Prinplup
[Pokedex] 08042024.120222.400 [I] - Added pokemon 395:Empoleon
[Pokedex] 08042024.120222.419 [I] - Added pokemon 396:Starly
[Pokedex] 08042024.120222.438 [I] - Added pokemon 397:Staravia
[Pokedex] 08042024.120222.457 [I] - Added pokemon 398:Staraptor
[Pokedex] 08042024.120222.480 [I] - Added pokemon 399:Bidoof
[Pokedex] 08042024.120222.502 [I] - Added pokemon 400:Bibarel
[Pokedex] 08042024.120222.520 [I] - Added pokemon 401:Kricketot
[Pokedex] 08042024.120222.536 [I] - Added pokemon 402:Kricketune
[Pokedex] 08042024.120222.550 [I] - Added pokemon 403:Shinx
[Pokedex] 08042024.120222.566 [I] - Added pokemon 404:Luxio
[Pokedex] 08042024.120222.590 [I] - Added pokemon 405:Luxray
[Pokedex] 08042024.120222.611 [I] - Added pokemon 406:Budew
[Pokedex] 08042024.120222.635 [I] - Added pokemon 407:Roserade
[Pokedex] 08042024.120222.655 [I] - Added pokemon 408:Cranidos
[Pokedex] 08042024.120222.682 [I] - Added pokemon 409:Rampardos
[Pokedex] 08042024.120222.701 [I] - Added pokemon 410:Shieldon
[Pokedex] 08042024.120222.720 [I] - Added pokemon 411:Bastiodon
[Pokedex] 08042024.120222.741 [I] - Added pokemon 412:Burmy
[Pokedex] 08042024.120222.763 [I] - Added pokemon 413:Wormadam
[Pokedex] 08042024.120222.782 [I] - Added pokemon 414:Mothim
[Pokedex] 08042024.120222.802 [I] - Added pokemon 415:Combee
[Pokedex] 08042024.120222.819 [I] - Added pokemon 416:Vespiquen
[Pokedex] 08042024.120222.841 [I] - Added pokemon 417:Pachirisu
[Pokedex] 08042024.120222.862 [I] - Added pokemon 418:Buizel
[Pokedex] 08042024.120222.880 [I] - Added pokemon 419:Floatzel
[Pokedex] 08042024.120222.897 [I] - Added pokemon 420:Cherubi
[Pokedex] 08042024.120222.915 [I] - Added pokemon 421:Cherrim
[Pokedex] 08042024.120222.933 [I] - Added pokemon 422:Shellos
[Pokedex] 08042024.120222.947 [I] - Added pokemon 423:Gastrodon
[Pokedex] 08042024.120222.959 [I] - Added pokemon 424:Ambipom
[Pokedex] 08042024.120222.983 [I] - Added pokemon 425:Drifloon
[Pokedex] 08042024.120222.998 [I] - Added pokemon 426:Drifblim
[Pokedex] 08042024.120223.018 [I] - Added pokemon 427:Buneary
[Pokedex] 08042024.120223.044 [I] - Added pokemon 428:Lopunny
[Pokedex] 08042024.120223.066 [I] - Added pokemon 429:Mismagius
[Pokedex] 08042024.120223.085 [I] - Added pokemon 430:Honchkrow
[Pokedex] 08042024.120223.103 [I] - Added pokemon 431:Glameow
[Pokedex] 08042024.120223.119 [I] - Added pokemon 432:Purugly
[Pokedex] 08042024.120223.134 [I] - Added pokemon 433:Chingling
[Pokedex] 08042024.120223.164 [I] - Added pokemon 434:Stunky
[Pokedex] 08042024.120223.181 [I] - Added pokemon 435:Skuntank
[Pokedex] 08042024.120223.197 [I] - Added pokemon 436:Bronzor
[Pokedex] 08042024.120223.211 [I] - Added pokemon 437:Bronzong
[Pokedex] 08042024.120223.226 [I] - Added pokemon 438:Bonsly
[Pokedex] 08042024.120223.240 [I] - Added pokemon 439:Mime Jr.
[Pokedex] 08042024.120223.253 [I] - Added pokemon 440:Happiny
[Pokedex] 08042024.120223.267 [I] - Added pokemon 441:Chatot
[Pokedex] 08042024.120223.287 [I] - Added pokemon 442:Spiritomb
[Pokedex] 08042024.120223.303 [I] - Added pokemon 443:Gible
[Pokedex] 08042024.120223.321 [I] - Added pokemon 444:Gabite
[Pokedex] 08042024.120223.339 [I] - Added pokemon 445:Garchomp
[Pokedex] 08042024.120223.364 [I] - Added pokemon 446:Munchlax
[Pokedex] 08042024.120223.385 [I] - Added pokemon 447:Riolu
[Pokedex] 08042024.120223.408 [I] - Added pokemon 448:Lucario
[Pokedex] 08042024.120223.424 [I] - Added pokemon 449:Hippopotas
[Pokedex] 08042024.120223.440 [I] - Added pokemon 450:Hippowdon
[Pokedex] 08042024.120223.464 [I] - Added pokemon 451:Skorupi
[Pokedex] 08042024.120223.486 [I] - Added pokemon 452:Drapion
[Pokedex] 08042024.120223.511 [I] - Added pokemon 453:Croagunk
[Pokedex] 08042024.120223.538 [I] - Added pokemon 454:Toxicroak
[Pokedex] 08042024.120223.560 [I] - Added pokemon 455:Carnivine
[Pokedex] 08042024.120223.579 [I] - Added pokemon 456:Finneon
[Pokedex] 08042024.120223.599 [I] - Added pokemon 457:Lumineon
[Pokedex] 08042024.120223.622 [I] - Added pokemon 458:Mantyke
[Pokedex] 08042024.120223.644 [I] - Added pokemon 459:Snover
[Pokedex] 08042024.120223.666 [I] - Added pokemon 460:Abomasnow
[Pokedex] 08042024.120223.687 [I] - Added pokemon 461:Weavile
[Pokedex] 08042024.120223.713 [I] - Added pokemon 462:Magnezone
[Pokedex] 08042024.120223.734 [I] - Added pokemon 463:Lickilicky
[Pokedex] 08042024.120223.761 [I] - Added pokemon 464:Rhyperior
[Pokedex] 08042024.120223.783 [I] - Added pokemon 465:Tangrowth
[Pokedex] 08042024.120223.805 [I] - Added pokemon 466:Electivire
[Pokedex] 08042024.120223.827 [I] - Added pokemon 467:Magmortar
[Pokedex] 08042024.120223.851 [I] - Added pokemon 468:Togekiss
[Pokedex] 08042024.120223.869 [I] - Added pokemon 469:Yanmega
[Pokedex] 08042024.120223.885 [I] - Added pokemon 470:Leafeon
[Pokedex] 08042024.120223.907 [I] - Added pokemon 471:Glaceon
[Pokedex] 08042024.120223.975 [I] - Added pokemon 472:Gliscor
[Pokedex] 08042024.120223.991 [I] - Added pokemon 473:Mamoswine
[Pokedex] 08042024.120224.006 [I] - Added pokemon 474:Porygon-Z
[Pokedex] 08042024.120224.026 [I] - Added pokemon 475:Gallade
[Pokedex] 08042024.120224.046 [I] - Added pokemon 476:Probopass
[Pokedex] 08042024.120224.069 [I] - Added pokemon 477:Dusknoir
[Pokedex] 08042024.120224.095 [I] - Added pokemon 478:Froslass
[Pokedex] 08042024.120224.114 [I] - Added pokemon 479:Rotom
[Pokedex] 08042024.120224.132 [I] - Added pokemon 480:Uxie
[Pokedex] 08042024.120224.152 [I] - Added pokemon 481:Mesprit
[Pokedex] 08042024.120224.172 [I] - Added pokemon 482:Azelf
[Pokedex] 08042024.120224.186 [I] - Added pokemon 483:Dialga
[Pokedex] 08042024.120224.204 [I] - Added pokemon 484:Palkia
[Pokedex] 08042024.120224.222 [I] - Added pokemon 485:Heatran
[Pokedex] 08042024.120224.236 [I] - Added pokemon 486:Regigigas
[Pokedex] 08042024.120224.250 [I] - Added pokemon 487:Giratina
[Pokedex] 08042024.120224.262 [I] - Added pokemon 488:Cresselia
[Pokedex] 08042024.120224.275 [I] - Added pokemon 489:Phione
[Pokedex] 08042024.120224.291 [I] - Added pokemon 490:Manaphy
[Pokedex] 08042024.120224.305 [I] - Added pokemon 491:Darkrai
[Pokedex] 08042024.120224.323 [I] - Added pokemon 492:Shaymin
[Pokedex] 08042024.120224.341 [I] - Added pokemon 493:Arceus
[Pokedex] 08042024.120224.358 [I] - Added pokemon 494:Victini
[Pokedex] 08042024.120224.379 [I] - Added pokemon 495:Snivy
[Pokedex] 08042024.120224.401 [I] - Added pokemon 496:Servine
[Pokedex] 08042024.120224.424 [I] - Added pokemon 497:Serperior
[Pokedex] 08042024.120224.450 [I] - Added pokemon 498:Tepig
[Pokedex] 08042024.120224.470 [I] - Added pokemon 499:Pignite
[Pokedex] 08042024.120224.487 [I] - Added pokemon 500:Emboar
[Pokedex] 08042024.120224.513 [I] - Added pokemon 501:Oshawott
[Pokedex] 08042024.120224.535 [I] - Added pokemon 502:Dewott
[Pokedex] 08042024.120224.553 [I] - Added pokemon 503:Samurott
[Pokedex] 08042024.120224.572 [I] - Added pokemon 504:Patrat
[Pokedex] 08042024.120224.593 [I] - Added pokemon 505:Watchog
[Pokedex] 08042024.120224.610 [I] - Added pokemon 506:Lillipup
[Pokedex] 08042024.120224.625 [I] - Added pokemon 507:Herdier
[Pokedex] 08042024.120224.644 [I] - Added pokemon 508:Stoutland
[Pokedex] 08042024.120224.660 [I] - Added pokemon 509:Purrloin
[Pokedex] 08042024.120224.687 [I] - Added pokemon 510:Liepard
[Pokedex] 08042024.120224.712 [I] - Added pokemon 511:Pansage
[Pokedex] 08042024.120224.731 [I] - Added pokemon 512:Simisage
[Pokedex] 08042024.120224.748 [I] - Added pokemon 513:Pansear
[Pokedex] 08042024.120224.766 [I] - Added pokemon 514:Simisear
[Pokedex] 08042024.120224.787 [I] - Added pokemon 515:Panpour
[Pokedex] 08042024.120224.807 [I] - Added pokemon 516:Simipour
[Pokedex] 08042024.120224.832 [I] - Added pokemon 517:Munna
[Pokedex] 08042024.120224.853 [I] - Added pokemon 518:Musharna
[Pokedex] 08042024.120224.865 [I] - Added pokemon 519:Pidove
[Pokedex] 08042024.120224.880 [I] - Added pokemon 520:Tranquill
[Pokedex] 08042024.120224.893 [I] - Added pokemon 521:Unfezant
[Pokedex] 08042024.120224.911 [I] - Added pokemon 522:Blitzle
[Pokedex] 08042024.120224.934 [I] - Added pokemon 523:Zebstrika
[Pokedex] 08042024.120224.955 [I] - Added pokemon 524:Roggenrola
[Pokedex] 08042024.120224.964 [I] - Added pokemon 525:Boldore
[Pokedex] 08042024.120224.981 [I] - Added pokemon 526:Gigalith
[Pokedex] 08042024.120224.994 [I] - Added pokemon 527:Woobat
[Pokedex] 08042024.120225.015 [I] - Added pokemon 528:Swoobat
[Pokedex] 08042024.120225.030 [I] - Added pokemon 529:Drilbur
[Pokedex] 08042024.120225.054 [I] - Added pokemon 530:Excadrill
[Pokedex] 08042024.120225.078 [I] - Added pokemon 531:Audino
[Pokedex] 08042024.120225.097 [I] - Added pokemon 532:Timburr
[Pokedex] 08042024.120225.112 [I] - Added pokemon 533:Gurdurr
[Pokedex] 08042024.120225.135 [I] - Added pokemon 534:Conkeldurr
[Pokedex] 08042024.120225.156 [I] - Added pokemon 535:Tympole
[Pokedex] 08042024.120225.179 [I] - Added pokemon 536:Palpitoad
[Pokedex] 08042024.120225.201 [I] - Added pokemon 537:Seismitoad
[Pokedex] 08042024.120225.219 [I] - Added pokemon 538:Throh
[Pokedex] 08042024.120225.240 [I] - Added pokemon 539:Sawk
[Pokedex] 08042024.120225.258 [I] - Added pokemon 540:Sewaddle
[Pokedex] 08042024.120225.275 [I] - Added pokemon 541:Swadloon
[Pokedex] 08042024.120225.296 [I] - Added pokemon 542:Leavanny
[Pokedex] 08042024.120225.318 [I] - Added pokemon 543:Venipede
[Pokedex] 08042024.120225.336 [I] - Added pokemon 544:Whirlipede
[Pokedex] 08042024.120225.354 [I] - Added pokemon 545:Scolipede
[Pokedex] 08042024.120225.373 [I] - Added pokemon 546:Cottonee
[Pokedex] 08042024.120225.393 [I] - Added pokemon 547:Whimsicott
[Pokedex] 08042024.120225.419 [I] - Added pokemon 548:Petilil
[Pokedex] 08042024.120225.436 [I] - Added pokemon 549:Lilligant
[Pokedex] 08042024.120225.453 [I] - Added pokemon 550:Basculin
[Pokedex] 08042024.120225.470 [I] - Added pokemon 551:Sandile
[Pokedex] 08042024.120225.489 [I] - Added pokemon 552:Krokorok
[Pokedex] 08042024.120225.514 [I] - Added pokemon 553:Krookodile
[Pokedex] 08042024.120225.545 [I] - Added pokemon 554:Darumaka
[Pokedex] 08042024.120225.575 [I] - Added pokemon 555:Darmanitan
[Pokedex] 08042024.120225.597 [I] - Added pokemon 556:Maractus
[Pokedex] 08042024.120225.624 [I] - Added pokemon 557:Dwebble
[Pokedex] 08042024.120225.642 [I] - Added pokemon 558:Crustle
[Pokedex] 08042024.120225.662 [I] - Added pokemon 559:Scraggy
[Pokedex] 08042024.120225.689 [I] - Added pokemon 560:Scrafty
[Pokedex] 08042024.120225.709 [I] - Added pokemon 561:Sigilyph
[Pokedex] 08042024.120225.731 [I] - Added pokemon 562:Yamask
[Pokedex] 08042024.120225.754 [I] - Added pokemon 563:Cofagrigus
[Pokedex] 08042024.120225.787 [I] - Added pokemon 564:Tirtouga
[Pokedex] 08042024.120225.809 [I] - Added pokemon 565:Carracosta
[Pokedex] 08042024.120225.827 [I] - Added pokemon 566:Archen
[Pokedex] 08042024.120225.843 [I] - Added pokemon 567:Archeops
[Pokedex] 08042024.120225.862 [I] - Added pokemon 568:Trubbish
[Pokedex] 08042024.120225.879 [I] - Added pokemon 569:Garbodor
[Pokedex] 08042024.120225.899 [I] - Added pokemon 570:Zorua
[Pokedex] 08042024.120225.915 [I] - Added pokemon 571:Zoroark
[Pokedex] 08042024.120225.940 [I] - Added pokemon 572:Minccino
[Pokedex] 08042024.120225.956 [I] - Added pokemon 573:Cinccino
[Pokedex] 08042024.120225.978 [I] - Added pokemon 574:Gothita
[Pokedex] 08042024.120226.004 [I] - Added pokemon 575:Gothorita
[Pokedex] 08042024.120226.032 [I] - Added pokemon 576:Gothitelle
[Pokedex] 08042024.120226.057 [I] - Added pokemon 577:Solosis
[Pokedex] 08042024.120226.076 [I] - Added pokemon 578:Duosion
[Pokedex] 08042024.120226.095 [I] - Added pokemon 579:Reuniclus
[Pokedex] 08042024.120226.113 [I] - Added pokemon 580:Ducklett
[Pokedex] 08042024.120226.142 [I] - Added pokemon 581:Swanna
[Pokedex] 08042024.120226.164 [I] - Added pokemon 582:Vanillite
[Pokedex] 08042024.120226.188 [I] - Added pokemon 583:Vanillish
[Pokedex] 08042024.120226.207 [I] - Added pokemon 584:Vanilluxe
[Pokedex] 08042024.120226.226 [I] - Added pokemon 585:Deerling
[Pokedex] 08042024.120226.248 [I] - Added pokemon 586:Sawsbuck
[Pokedex] 08042024.120226.278 [I] - Added pokemon 587:Emolga
[Pokedex] 08042024.120226.300 [I] - Added pokemon 588:Karrablast
[Pokedex] 08042024.120226.319 [I] - Added pokemon 589:Escavalier
[Pokedex] 08042024.120226.339 [I] - Added pokemon 590:Foongus
[Pokedex] 08042024.120226.360 [I] - Added pokemon 591:Amoonguss
[Pokedex] 08042024.120226.381 [I] - Added pokemon 592:Frillish
[Pokedex] 08042024.120226.401 [I] - Added pokemon 593:Jellicent
[Pokedex] 08042024.120226.419 [I] - Added pokemon 594:Alomomola
[Pokedex] 08042024.120226.441 [I] - Added pokemon 595:Joltik
[Pokedex] 08042024.120226.464 [I] - Added pokemon 596:Galvantula
[Pokedex] 08042024.120226.491 [I] - Added pokemon 597:Ferroseed
[Pokedex] 08042024.120226.520 [I] - Added pokemon 598:Ferrothorn
[Pokedex] 08042024.120226.548 [I] - Added pokemon 599:Klink
[Pokedex] 08042024.120226.576 [I] - Added pokemon 600:Klang
[Pokedex] 08042024.120226.599 [I] - Added pokemon 601:Klinklang
[Pokedex] 08042024.120226.634 [I] - Added pokemon 602:Tynamo
[Pokedex] 08042024.120226.652 [I] - Added pokemon 603:Eelektrik
[Pokedex] 08042024.120226.674 [I] - Added pokemon 604:Eelektross
[Pokedex] 08042024.120226.697 [I] - Added pokemon 605:Elgyem
[Pokedex] 08042024.120226.715 [I] - Added pokemon 606:Beheeyem
[Pokedex] 08042024.120226.730 [I] - Added pokemon 607:Litwick
[Pokedex] 08042024.120226.749 [I] - Added pokemon 608:Lampent
[Pokedex] 08042024.120226.767 [I] - Added pokemon 609:Chandelure
[Pokedex] 08042024.120226.786 [I] - Added pokemon 610:Axew
[Pokedex] 08042024.120226.802 [I] - Added pokemon 611:Fraxure
[Pokedex] 08042024.120226.819 [I] - Added pokemon 612:Haxorus
[Pokedex] 08042024.120226.842 [I] - Added pokemon 613:Cubchoo
[Pokedex] 08042024.120226.875 [I] - Added pokemon 614:Beartic
[Pokedex] 08042024.120226.899 [I] - Added pokemon 615:Cryogonal
[Pokedex] 08042024.120226.923 [I] - Added pokemon 616:Shelmet
[Pokedex] 08042024.120226.942 [I] - Added pokemon 617:Accelgor
[Pokedex] 08042024.120226.962 [I] - Added pokemon 618:Stunfisk
[Pokedex] 08042024.120226.988 [I] - Added pokemon 619:Mienfoo
[Pokedex] 08042024.120227.009 [I] - Added pokemon 620:Mienshao
[Pokedex] 08042024.120227.026 [I] - Added pokemon 621:Druddigon
[Pokedex] 08042024.120227.058 [I] - Added pokemon 622:Golett
[Pokedex] 08042024.120227.093 [I] - Added pokemon 623:Golurk
[Pokedex] 08042024.120227.125 [I] - Added pokemon 624:Pawniard
[Pokedex] 08042024.120227.147 [I] - Added pokemon 625:Bisharp
[Pokedex] 08042024.120227.169 [I] - Added pokemon 626:Bouffalant
[Pokedex] 08042024.120227.198 [I] - Added pokemon 627:Rufflet
[Pokedex] 08042024.120227.231 [I] - Added pokemon 628:Braviary
[Pokedex] 08042024.120227.265 [I] - Added pokemon 629:Vullaby
[Pokedex] 08042024.120227.282 [I] - Added pokemon 630:Mandibuzz
[Pokedex] 08042024.120227.300 [I] - Added pokemon 631:Heatmor
[Pokedex] 08042024.120227.319 [I] - Added pokemon 632:Durant
[Pokedex] 08042024.120227.335 [I] - Added pokemon 633:Deino
[Pokedex] 08042024.120227.353 [I] - Added pokemon 634:Zweilous
[Pokedex] 08042024.120227.372 [I] - Added pokemon 635:Hydreigon
[Pokedex] 08042024.120227.391 [I] - Added pokemon 636:Larvesta
[Pokedex] 08042024.120227.411 [I] - Added pokemon 637:Volcarona
[Pokedex] 08042024.120227.427 [I] - Added pokemon 638:Cobalion
[Pokedex] 08042024.120227.443 [I] - Added pokemon 639:Terrakion
[Pokedex] 08042024.120227.458 [I] - Added pokemon 640:Virizion
[Pokedex] 08042024.120227.474 [I] - Added pokemon 641:Tornadus
[Pokedex] 08042024.120227.489 [I] - Added pokemon 642:Thundurus
[Pokedex] 08042024.120227.503 [I] - Added pokemon 643:Reshiram
[Pokedex] 08042024.120227.519 [I] - Added pokemon 644:Zekrom
[Pokedex] 08042024.120227.543 [I] - Added pokemon 645:Landorus
[Pokedex] 08042024.120227.561 [I] - Added pokemon 646:Kyurem
[Pokedex] 08042024.120227.579 [I] - Added pokemon 647:Keldeo
[Pokedex] 08042024.120227.596 [I] - Added pokemon 648:Meloetta
[Pokedex] 08042024.120227.612 [I] - Added pokemon 649:Genesect
[Pokedex] 08042024.120227.628 [I] - Added pokemon 650:Chespin
[Pokedex] 08042024.120227.643 [I] - Added pokemon 651:Quilladin
[Pokedex] 08042024.120227.662 [I] - Added pokemon 652:Chesnaught
[Pokedex] 08042024.120227.685 [I] - Added pokemon 653:Fennekin
[Pokedex] 08042024.120227.711 [I] - Added pokemon 654:Braixen
[Pokedex] 08042024.120227.744 [I] - Added pokemon 655:Delphox
[Pokedex] 08042024.120227.759 [I] - Added pokemon 656:Froakie
[Pokedex] 08042024.120227.773 [I] - Added pokemon 657:Frogadier
[Pokedex] 08042024.120227.793 [I] - Added pokemon 658:Greninja
[Pokedex] 08042024.120227.810 [I] - Added pokemon 659:Bunnelby
[Pokedex] 08042024.120227.833 [I] - Added pokemon 660:Diggersby
[Pokedex] 08042024.120227.855 [I] - Added pokemon 661:Fletchling
[Pokedex] 08042024.120227.868 [I] - Added pokemon 662:Fletchinder
[Pokedex] 08042024.120227.882 [I] - Added pokemon 663:Talonflame
[Pokedex] 08042024.120227.896 [I] - Added pokemon 664:Scatterbug
[Pokedex] 08042024.120227.912 [I] - Added pokemon 665:Spewpa
[Pokedex] 08042024.120227.924 [I] - Added pokemon 666:Vivillon
[Pokedex] 08042024.120227.940 [I] - Added pokemon 667:Litleo
[Pokedex] 08042024.120227.956 [I] - Added pokemon 668:Pyroar
[Pokedex] 08042024.120227.973 [I] - Added pokemon 669:Flabébé
[Pokedex] 08042024.120227.989 [I] - Added pokemon 670:Floette
[Pokedex] 08042024.120228.010 [I] - Added pokemon 671:Florges
[Pokedex] 08042024.120228.028 [I] - Added pokemon 672:Skiddo
[Pokedex] 08042024.120228.045 [I] - Added pokemon 673:Gogoat
[Pokedex] 08042024.120228.064 [I] - Added pokemon 674:Pancham
[Pokedex] 08042024.120228.081 [I] - Added pokemon 675:Pangoro
[Pokedex] 08042024.120228.100 [I] - Added pokemon 676:Furfrou
[Pokedex] 08042024.120228.117 [I] - Added pokemon 677:Espurr
[Pokedex] 08042024.120228.129 [I] - Added pokemon 678:Meowstic
[Pokedex] 08042024.120228.141 [I] - Added pokemon 679:Honedge
[Pokedex] 08042024.120228.160 [I] - Added pokemon 680:Doublade
[Pokedex] 08042024.120228.175 [I] - Added pokemon 681:Aegislash
[Pokedex] 08042024.120228.197 [I] - Added pokemon 682:Spritzee
[Pokedex] 08042024.120228.216 [I] - Added pokemon 683:Aromatisse
[Pokedex] 08042024.120228.235 [I] - Added pokemon 684:Swirlix
[Pokedex] 08042024.120228.254 [I] - Added pokemon 685:Slurpuff
[Pokedex] 08042024.120228.272 [I] - Added pokemon 686:Inkay
[Pokedex] 08042024.120228.288 [I] - Added pokemon 687:Malamar
[Pokedex] 08042024.120228.303 [I] - Added pokemon 688:Binacle
[Pokedex] 08042024.120228.323 [I] - Added pokemon 689:Barbaracle
[Pokedex] 08042024.120228.344 [I] - Added pokemon 690:Skrelp
[Pokedex] 08042024.120228.366 [I] - Added pokemon 691:Dragalge
[Pokedex] 08042024.120228.410 [I] - Added pokemon 692:Clauncher
[Pokedex] 08042024.120228.480 [I] - Added pokemon 693:Clawitzer
[Pokedex] 08042024.120228.501 [I] - Added pokemon 694:Helioptile
[Pokedex] 08042024.120228.520 [I] - Added pokemon 695:Heliolisk
[Pokedex] 08042024.120228.542 [I] - Added pokemon 696:Tyrunt
[Pokedex] 08042024.120228.564 [I] - Added pokemon 697:Tyrantrum
[Pokedex] 08042024.120228.584 [I] - Added pokemon 698:Amaura
[Pokedex] 08042024.120228.601 [I] - Added pokemon 699:Aurorus
[Pokedex] 08042024.120228.615 [I] - Added pokemon 700:Sylveon
[Pokedex] 08042024.120228.636 [I] - Added pokemon 701:Hawlucha
[Pokedex] 08042024.120228.652 [I] - Added pokemon 702:Dedenne
[Pokedex] 08042024.120228.674 [I] - Added pokemon 703:Carbink
[Pokedex] 08042024.120228.690 [I] - Added pokemon 704:Goomy
[Pokedex] 08042024.120228.720 [I] - Added pokemon 705:Sliggoo
[Pokedex] 08042024.120228.744 [I] - Added pokemon 706:Goodra
[Pokedex] 08042024.120228.770 [I] - Added pokemon 707:Klefki
[Pokedex] 08042024.120228.803 [I] - Added pokemon 708:Phantump
[Pokedex] 08042024.120228.826 [I] - Added pokemon 709:Trevenant
[Pokedex] 08042024.120228.851 [I] - Added pokemon 710:Pumpkaboo
[Pokedex] 08042024.120228.874 [I] - Added pokemon 711:Gourgeist
[Pokedex] 08042024.120228.894 [I] - Added pokemon 712:Bergmite
[Pokedex] 08042024.120228.917 [I] - Added pokemon 713:Avalugg
[Pokedex] 08042024.120228.931 [I] - Added pokemon 714:Noibat
[Pokedex] 08042024.120228.952 [I] - Added pokemon 715:Noivern
[Pokedex] 08042024.120228.975 [I] - Added pokemon 716:Xerneas
[Pokedex] 08042024.120229.002 [I] - Added pokemon 717:Yveltal
[Pokedex] 08042024.120229.021 [I] - Added pokemon 718:Zygarde
[Pokedex] 08042024.120229.044 [I] - Added pokemon 719:Diancie
[Pokedex] 08042024.120229.063 [I] - Added pokemon 720:Hoopa
[Pokedex] 08042024.120229.082 [I] - Added pokemon 721:Volcanion
[Pokedex] 08042024.120229.101 [I] - Added pokemon 722:Rowlet
[Pokedex] 08042024.120229.115 [I] - Added pokemon 723:Dartrix
[Pokedex] 08042024.120229.128 [I] - Added pokemon 724:Decidueye
[Pokedex] 08042024.120229.144 [I] - Added pokemon 725:Litten
[Pokedex] 08042024.120229.160 [I] - Added pokemon 726:Torracat
[Pokedex] 08042024.120229.181 [I] - Added pokemon 727:Incineroar
[Pokedex] 08042024.120229.198 [I] - Added pokemon 728:Popplio
[Pokedex] 08042024.120229.218 [I] - Added pokemon 729:Brionne
[Pokedex] 08042024.120229.233 [I] - Added pokemon 730:Primarina
[Pokedex] 08042024.120229.250 [I] - Added pokemon 731:Pikipek
[Pokedex] 08042024.120229.262 [I] - Added pokemon 732:Trumbeak
[Pokedex] 08042024.120229.278 [I] - Added pokemon 733:Toucannon
[Pokedex] 08042024.120229.290 [I] - Added pokemon 734:Yungoos
[Pokedex] 08042024.120229.314 [I] - Added pokemon 735:Gumshoos
[Pokedex] 08042024.120229.334 [I] - Added pokemon 736:Grubbin
[Pokedex] 08042024.120229.344 [I] - Added pokemon 737:Charjabug
[Pokedex] 08042024.120229.355 [I] - Added pokemon 738:Vikavolt
[Pokedex] 08042024.120229.379 [I] - Added pokemon 739:Crabrawler
[Pokedex] 08042024.120229.404 [I] - Added pokemon 740:Crabominable
[Pokedex] 08042024.120229.422 [I] - Added pokemon 741:Oricorio
[Pokedex] 08042024.120229.442 [I] - Added pokemon 742:Cutiefly
[Pokedex] 08042024.120229.458 [I] - Added pokemon 743:Ribombee
[Pokedex] 08042024.120229.474 [I] - Added pokemon 744:Rockruff
[Pokedex] 08042024.120229.493 [I] - Added pokemon 745:Lycanroc
[Pokedex] 08042024.120229.512 [I] - Added pokemon 746:Wishiwashi
[Pokedex] 08042024.120229.528 [I] - Added pokemon 747:Mareanie
[Pokedex] 08042024.120229.550 [I] - Added pokemon 748:Toxapex
[Pokedex] 08042024.120229.569 [I] - Added pokemon 749:Mudbray
[Pokedex] 08042024.120229.586 [I] - Added pokemon 750:Mudsdale
[Pokedex] 08042024.120229.602 [I] - Added pokemon 751:Dewpider
[Pokedex] 08042024.120229.618 [I] - Added pokemon 752:Araquanid
[Pokedex] 08042024.120229.635 [I] - Added pokemon 753:Fomantis
[Pokedex] 08042024.120229.654 [I] - Added pokemon 754:Lurantis
[Pokedex] 08042024.120229.672 [I] - Added pokemon 755:Morelull
[Pokedex] 08042024.120229.687 [I] - Added pokemon 756:Shiinotic
[Pokedex] 08042024.120229.704 [I] - Added pokemon 757:Salandit
[Pokedex] 08042024.120229.721 [I] - Added pokemon 758:Salazzle
[Pokedex] 08042024.120229.739 [I] - Added pokemon 759:Stufful
[Pokedex] 08042024.120229.760 [I] - Added pokemon 760:Bewear
[Pokedex] 08042024.120229.778 [I] - Added pokemon 761:Bounsweet
[Pokedex] 08042024.120229.802 [I] - Added pokemon 762:Steenee
[Pokedex] 08042024.120229.823 [I] - Added pokemon 763:Tsareena
[Pokedex] 08042024.120229.840 [I] - Added pokemon 764:Comfey
[Pokedex] 08042024.120229.860 [I] - Added pokemon 765:Oranguru
[Pokedex] 08042024.120229.886 [I] - Added pokemon 766:Passimian
[Pokedex] 08042024.120229.901 [I] - Added pokemon 767:Wimpod
[Pokedex] 08042024.120229.922 [I] - Added pokemon 768:Golisopod
[Pokedex] 08042024.120229.939 [I] - Added pokemon 769:Sandygast
[Pokedex] 08042024.120229.958 [I] - Added pokemon 770:Palossand
[Pokedex] 08042024.120229.977 [I] - Added pokemon 771:Pyukumuku
[Pokedex] 08042024.120230.003 [I] - Added pokemon 772:Type: Null
[Pokedex] 08042024.120230.021 [I] - Added pokemon 773:Silvally
[Pokedex] 08042024.120230.042 [I] - Added pokemon 774:Minior
[Pokedex] 08042024.120230.063 [I] - Added pokemon 775:Komala
[Pokedex] 08042024.120230.084 [I] - Added pokemon 776:Turtonator
[Pokedex] 08042024.120230.108 [I] - Added pokemon 777:Togedemaru
[Pokedex] 08042024.120230.129 [I] - Added pokemon 778:Mimikyu
[Pokedex] 08042024.120230.155 [I] - Added pokemon 779:Bruxish
[Pokedex] 08042024.120230.177 [I] - Added pokemon 780:Drampa
[Pokedex] 08042024.120230.209 [I] - Added pokemon 781:Dhelmise
[Pokedex] 08042024.120230.243 [I] - Added pokemon 782:Jangmo-o
[Pokedex] 08042024.120230.263 [I] - Added pokemon 783:Hakamo-o
[Pokedex] 08042024.120230.280 [I] - Added pokemon 784:Kommo-o
[Pokedex] 08042024.120230.306 [I] - Added pokemon 785:Tapu Koko
[Pokedex] 08042024.120230.334 [I] - Added pokemon 786:Tapu Lele
[Pokedex] 08042024.120230.362 [I] - Added pokemon 787:Tapu Bulu
[Pokedex] 08042024.120230.387 [I] - Added pokemon 788:Tapu Fini
[Pokedex] 08042024.120230.409 [I] - Added pokemon 789:Cosmog
[Pokedex] 08042024.120230.432 [I] - Added pokemon 790:Cosmoem
[Pokedex] 08042024.120230.454 [I] - Added pokemon 791:Solgaleo
[Pokedex] 08042024.120230.480 [I] - Added pokemon 792:Lunala
[Pokedex] 08042024.120230.500 [I] - Added pokemon 793:Nihilego
[Pokedex] 08042024.120230.517 [I] - Added pokemon 794:Buzzwole
[Pokedex] 08042024.120230.538 [I] - Added pokemon 795:Pheromosa
[Pokedex] 08042024.120230.556 [I] - Added pokemon 796:Xurkitree
[Pokedex] 08042024.120230.576 [I] - Added pokemon 797:Celesteela
[Pokedex] 08042024.120230.602 [I] - Added pokemon 798:Kartana
[Pokedex] 08042024.120230.622 [I] - Added pokemon 799:Guzzlord
[Pokedex] 08042024.120230.642 [I] - Added pokemon 800:Necrozma
[Pokedex] 08042024.120230.661 [I] - Added pokemon 801:Magearna
[Pokedex] 08042024.120230.679 [I] - Added pokemon 802:Marshadow
[Pokedex] 08042024.120230.698 [I] - Added pokemon 803:Poipole
[Pokedex] 08042024.120230.723 [I] - Added pokemon 804:Naganadel
[Pokedex] 08042024.120230.741 [I] - Added pokemon 805:Stakataka
[Pokedex] 08042024.120230.759 [I] - Added pokemon 806:Blacephalon
[Pokedex] 08042024.120230.775 [I] - Added pokemon 807:Zeraora
[Pokedex] 08042024.120230.793 [I] - Added pokemon 808:Meltan
[Pokedex] 08042024.120230.811 [I] - Added pokemon 809:Melmetal
[Pokedex] 08042024.120230.832 [I] - Added pokemon 810:Grookey
[Pokedex] 08042024.120230.858 [I] - Added pokemon 811:Thwackey
[Pokedex] 08042024.120230.875 [I] - Added pokemon 812:Rillaboom
[Pokedex] 08042024.120230.889 [I] - Added pokemon 813:Scorbunny
[Pokedex] 08042024.120230.912 [I] - Added pokemon 814:Raboot
[Pokedex] 08042024.120230.927 [I] - Added pokemon 815:Cinderace
[Pokedex] 08042024.120230.948 [I] - Added pokemon 816:Sobble
[Pokedex] 08042024.120230.972 [I] - Added pokemon 817:Drizzile
[Pokedex] 08042024.120230.993 [I] - Added pokemon 818:Inteleon
[Pokedex] 08042024.120231.019 [I] - Added pokemon 819:Skwovet
[Pokedex] 08042024.120231.041 [I] - Added pokemon 820:Greedent
[Pokedex] 08042024.120231.063 [I] - Added pokemon 821:Rookidee
[Pokedex] 08042024.120231.087 [I] - Added pokemon 822:Corvisquire
[Pokedex] 08042024.120231.109 [I] - Added pokemon 823:Corviknight
[Pokedex] 08042024.120231.132 [I] - Added pokemon 824:Blipbug
[Pokedex] 08042024.120231.160 [I] - Added pokemon 825:Dottler
[Pokedex] 08042024.120231.174 [I] - Added pokemon 826:Orbeetle
[Pokedex] 08042024.120231.189 [I] - Added pokemon 827:Nickit
[Pokedex] 08042024.120231.210 [I] - Added pokemon 828:Thievul
[Pokedex] 08042024.120231.230 [I] - Added pokemon 829:Gossifleur
[Pokedex] 08042024.120231.252 [I] - Added pokemon 830:Eldegoss
[Pokedex] 08042024.120231.271 [I] - Added pokemon 831:Wooloo
[Pokedex] 08042024.120231.293 [I] - Added pokemon 832:Dubwool
[Pokedex] 08042024.120231.313 [I] - Added pokemon 833:Chewtle
[Pokedex] 08042024.120231.337 [I] - Added pokemon 834:Drednaw
[Pokedex] 08042024.120231.356 [I] - Added pokemon 835:Yamper
[Pokedex] 08042024.120231.378 [I] - Added pokemon 836:Boltund
[Pokedex] 08042024.120231.396 [I] - Added pokemon 837:Rolycoly
[Pokedex] 08042024.120231.415 [I] - Added pokemon 838:Carkol
[Pokedex] 08042024.120231.432 [I] - Added pokemon 839:Coalossal
[Pokedex] 08042024.120231.449 [I] - Added pokemon 840:Applin
[Pokedex] 08042024.120231.462 [I] - Added pokemon 841:Flapple
[Pokedex] 08042024.120231.477 [I] - Added pokemon 842:Appletun
[Pokedex] 08042024.120231.493 [I] - Added pokemon 843:Silicobra
[Pokedex] 08042024.120231.509 [I] - Added pokemon 844:Sandaconda
[Pokedex] 08042024.120231.530 [I] - Added pokemon 845:Cramorant
[Pokedex] 08042024.120231.549 [I] - Added pokemon 846:Arrokuda
[Pokedex] 08042024.120231.567 [I] - Added pokemon 847:Barraskewda
[Pokedex] 08042024.120231.590 [I] - Added pokemon 848:Toxel
[Pokedex] 08042024.120231.610 [I] - Added pokemon 849:Toxtricity
[Pokedex] 08042024.120231.630 [I] - Added pokemon 850:Sizzlipede
[Pokedex] 08042024.120231.649 [I] - Added pokemon 851:Centiskorch
[Pokedex] 08042024.120231.669 [I] - Added pokemon 852:Clobbopus
[Pokedex] 08042024.120231.694 [I] - Added pokemon 853:Grapploct
[Pokedex] 08042024.120231.714 [I] - Added pokemon 854:Sinistea
[Pokedex] 08042024.120231.730 [I] - Added pokemon 855:Polteageist
[Pokedex] 08042024.120231.750 [I] - Added pokemon 856:Hatenna
[Pokedex] 08042024.120231.768 [I] - Added pokemon 857:Hattrem
[Pokedex] 08042024.120231.791 [I] - Added pokemon 858:Hatterene
[Pokedex] 08042024.120231.809 [I] - Added pokemon 859:Impidimp
[Pokedex] 08042024.120231.833 [I] - Added pokemon 860:Morgrem
[Pokedex] 08042024.120231.848 [I] - Added pokemon 861:Grimmsnarl
[Pokedex] 08042024.120231.865 [I] - Added pokemon 862:Obstagoon
[Pokedex] 08042024.120231.883 [I] - Added pokemon 863:Perrserker
[Pokedex] 08042024.120231.905 [I] - Added pokemon 864:Cursola
[Pokedex] 08042024.120231.928 [I] - Added pokemon 865:Sirfetch’d
[Pokedex] 08042024.120231.947 [I] - Added pokemon 866:Mr. Rime
[Pokedex] 08042024.120231.968 [I] - Added pokemon 867:Runerigus
[Pokedex] 08042024.120231.985 [I] - Added pokemon 868:Milcery
[Pokedex] 08042024.120232.007 [I] - Added pokemon 869:Alcremie
[Pokedex] 08042024.120232.030 [I] - Added pokemon 870:Falinks
[Pokedex] 08042024.120232.060 [I] - Added pokemon 871:Pincurchin
[Pokedex] 08042024.120232.074 [I] - Added pokemon 872:Snom
[Pokedex] 08042024.120232.095 [I] - Added pokemon 873:Frosmoth
[Pokedex] 08042024.120232.114 [I] - Added pokemon 874:Stonjourner
[Pokedex] 08042024.120232.133 [I] - Added pokemon 875:Eiscue
[Pokedex] 08042024.120232.157 [I] - Added pokemon 876:Indeedee
[Pokedex] 08042024.120232.174 [I] - Added pokemon 877:Morpeko
[Pokedex] 08042024.120232.190 [I] - Added pokemon 878:Cufant
[Pokedex] 08042024.120232.210 [I] - Added pokemon 879:Copperajah
[Pokedex] 08042024.120232.232 [I] - Added pokemon 880:Dracozolt
[Pokedex] 08042024.120232.254 [I] - Added pokemon 881:Arctozolt
[Pokedex] 08042024.120232.281 [I] - Added pokemon 882:Dracovish
[Pokedex] 08042024.120232.304 [I] - Added pokemon 883:Arctovish
[Pokedex] 08042024.120232.325 [I] - Added pokemon 884:Duraludon
[Pokedex] 08042024.120232.343 [I] - Added pokemon 885:Dreepy
[Pokedex] 08042024.120232.363 [I] - Added pokemon 886:Drakloak
[Pokedex] 08042024.120232.380 [I] - Added pokemon 887:Dragapult
[Pokedex] 08042024.120232.404 [I] - Added pokemon 888:Zacian
[Pokedex] 08042024.120232.428 [I] - Added pokemon 889:Zamazenta
[Pokedex] 08042024.120232.447 [I] - Added pokemon 890:Eternatus
[Pokedex] 08042024.120232.467 [I] - Added pokemon 891:Kubfu
[Pokedex] 08042024.120232.486 [I] - Added pokemon 892:Urshifu
[Pokedex] 08042024.120232.521 [I] - Added pokemon 893:Zarude
[Pokedex] 08042024.120232.552 [I] - Added pokemon 894:Regieleki
[Pokedex] 08042024.120232.592 [I] - Added pokemon 895:Regidrago
[Pokedex] 08042024.120232.621 [I] - Added pokemon 896:Glastrier
[Pokedex] 08042024.120232.641 [I] - Added pokemon 897:Spectrier
[Pokedex] 08042024.120232.661 [I] - Added pokemon 898:Calyrex
[Pokedex] 08042024.120232.677 [I] - Added pokemon 899:Wyrdeer
[Pokedex] 08042024.120232.697 [I] - Added pokemon 900:Kleavor
[Pokedex] 08042024.120232.715 [I] - Added pokemon 901:Ursaluna
[Pokedex] 08042024.120232.734 [I] - Added pokemon 902:Basculegion
[Pokedex] 08042024.120232.754 [I] - Added pokemon 903:Sneasler
[Pokedex] 08042024.120232.782 [I] - Added pokemon 904:Overqwil
[Pokedex] 08042024.120232.803 [I] - Added pokemon 905:Enamorus
[Pokedex] 08042024.120232.828 [I] - Added pokemon 906:Sprigatito
[Pokedex] 08042024.120232.852 [I] - Added pokemon 907:Floragato
[Pokedex] 08042024.120232.878 [I] - Added pokemon 908:Meowscarada
[Pokedex] 08042024.120232.905 [I] - Added pokemon 909:Fuecoco
[Pokedex] 08042024.120232.929 [I] - Added pokemon 910:Crocalor
[Pokedex] 08042024.120232.952 [I] - Added pokemon 911:Skeledirge
[Pokedex] 08042024.120232.972 [I] - Added pokemon 912:Quaxly
[Pokedex] 08042024.120233.005 [I] - Added pokemon 913:Quaxwell
[Pokedex] 08042024.120233.027 [I] - Added pokemon 914:Quaquaval
[Pokedex] 08042024.120233.047 [I] - Added pokemon 915:Lechonk
[Pokedex] 08042024.120233.066 [I] - Added pokemon 916:Oinkologne
[Pokedex] 08042024.120233.083 [I] - Added pokemon 917:Tarountula
[Pokedex] 08042024.120233.099 [I] - Added pokemon 918:Spidops
[Pokedex] 08042024.120233.122 [I] - Added pokemon 919:Nymble
[Pokedex] 08042024.120233.140 [I] - Added pokemon 920:Lokix
[Pokedex] 08042024.120233.162 [I] - Added pokemon 921:Pawmi
[Pokedex] 08042024.120233.180 [I] - Added pokemon 922:Pawmo
[Pokedex] 08042024.120233.204 [I] - Added pokemon 923:Pawmot
[Pokedex] 08042024.120233.223 [I] - Added pokemon 924:Tandemaus
[Pokedex] 08042024.120233.247 [I] - Added pokemon 925:Maushold
[Pokedex] 08042024.120233.270 [I] - Added pokemon 926:Fidough
[Pokedex] 08042024.120233.295 [I] - Added pokemon 927:Dachsbun
[Pokedex] 08042024.120233.319 [I] - Added pokemon 928:Smoliv
[Pokedex] 08042024.120233.341 [I] - Added pokemon 929:Dolliv
[Pokedex] 08042024.120233.372 [I] - Added pokemon 930:Arboliva
[Pokedex] 08042024.120233.395 [I] - Added pokemon 931:Squawkabilly
[Pokedex] 08042024.120233.416 [I] - Added pokemon 932:Nacli
[Pokedex] 08042024.120233.439 [I] - Added pokemon 933:Naclstack
[Pokedex] 08042024.120233.464 [I] - Added pokemon 934:Garganacl
[Pokedex] 08042024.120233.490 [I] - Added pokemon 935:Charcadet
[Pokedex] 08042024.120233.511 [I] - Added pokemon 936:Armarouge
[Pokedex] 08042024.120233.536 [I] - Added pokemon 937:Ceruledge
[Pokedex] 08042024.120233.553 [I] - Added pokemon 938:Tadbulb
[Pokedex] 08042024.120233.573 [I] - Added pokemon 939:Bellibolt
[Pokedex] 08042024.120233.591 [I] - Added pokemon 940:Wattrel
[Pokedex] 08042024.120233.613 [I] - Added pokemon 941:Kilowattrel
[Pokedex] 08042024.120233.629 [I] - Added pokemon 942:Maschiff
[Pokedex] 08042024.120233.651 [I] - Added pokemon 943:Mabosstiff
[Pokedex] 08042024.120233.675 [I] - Added pokemon 944:Shroodle
[Pokedex] 08042024.120233.697 [I] - Added pokemon 945:Grafaiai
[Pokedex] 08042024.120233.725 [I] - Added pokemon 946:Bramblin
[Pokedex] 08042024.120233.753 [I] - Added pokemon 947:Brambleghast
[Pokedex] 08042024.120233.780 [I] - Added pokemon 948:Toedscool
[Pokedex] 08042024.120233.800 [I] - Added pokemon 949:Toedscruel
[Pokedex] 08042024.120233.828 [I] - Added pokemon 950:Klawf
[Pokedex] 08042024.120233.859 [I] - Added pokemon 951:Capsakid
[Pokedex] 08042024.120233.884 [I] - Added pokemon 952:Scovillain
[Pokedex] 08042024.120233.906 [I] - Added pokemon 953:Rellor
[Pokedex] 08042024.120233.930 [I] - Added pokemon 954:Rabsca
[Pokedex] 08042024.120233.951 [I] - Added pokemon 955:Flittle
[Pokedex] 08042024.120233.977 [I] - Added pokemon 956:Espathra
[Pokedex] 08042024.120233.997 [I] - Added pokemon 957:Tinkatink
[Pokedex] 08042024.120234.016 [I] - Added pokemon 958:Tinkatuff
[Pokedex] 08042024.120234.034 [I] - Added pokemon 959:Tinkaton
[Pokedex] 08042024.120234.056 [I] - Added pokemon 960:Wiglett
[Pokedex] 08042024.120234.096 [I] - Added pokemon 961:Wugtrio
[Pokedex] 08042024.120234.117 [I] - Added pokemon 962:Bombirdier
[Pokedex] 08042024.120234.139 [I] - Added pokemon 963:Finizen
[Pokedex] 08042024.120234.151 [I] - Added pokemon 964:Palafin
[Pokedex] 08042024.120234.169 [I] - Added pokemon 965:Varoom
[Pokedex] 08042024.120234.192 [I] - Added pokemon 966:Revavroom
[Pokedex] 08042024.120234.209 [I] - Added pokemon 967:Cyclizar
[Pokedex] 08042024.120234.223 [I] - Added pokemon 968:Orthworm
[Pokedex] 08042024.120234.244 [I] - Added pokemon 969:Glimmet
[Pokedex] 08042024.120234.267 [I] - Added pokemon 970:Glimmora
[Pokedex] 08042024.120234.285 [I] - Added pokemon 971:Greavard
[Pokedex] 08042024.120234.303 [I] - Added pokemon 972:Houndstone
[Pokedex] 08042024.120234.327 [I] - Added pokemon 973:Flamigo
[Pokedex] 08042024.120234.352 [I] - Added pokemon 974:Cetoddle
[Pokedex] 08042024.120234.375 [I] - Added pokemon 975:Cetitan
[Pokedex] 08042024.120234.399 [I] - Added pokemon 976:Veluza
[Pokedex] 08042024.120234.418 [I] - Added pokemon 977:Dondozo
[Pokedex] 08042024.120234.443 [I] - Added pokemon 978:Tatsugiri
[Pokedex] 08042024.120234.465 [I] - Added pokemon 979:Annihilape
[Pokedex] 08042024.120234.483 [I] - Added pokemon 980:Clodsire
[Pokedex] 08042024.120234.532 [I] - Added pokemon 981:Farigiraf
[Pokedex] 08042024.120234.555 [I] - Added pokemon 982:Dudunsparce
[Pokedex] 08042024.120234.583 [I] - Added pokemon 983:Kingambit
[Pokedex] 08042024.120234.602 [I] - Added pokemon 984:Great Tusk
[Pokedex] 08042024.120234.624 [I] - Added pokemon 985:Scream Tail
[Pokedex] 08042024.120234.644 [I] - Added pokemon 986:Brute Bonnet
[Pokedex] 08042024.120234.669 [I] - Added pokemon 987:Flutter Mane
[Pokedex] 08042024.120234.701 [I] - Added pokemon 988:Slither Wing
[Pokedex] 08042024.120234.721 [I] - Added pokemon 989:Sandy Shocks
[Pokedex] 08042024.120234.741 [I] - Added pokemon 990:Iron Treads
[Pokedex] 08042024.120234.760 [I] - Added pokemon 991:Iron Bundle
[Pokedex] 08042024.120234.784 [I] - Added pokemon 992:Iron Hands
[Pokedex] 08042024.120234.812 [I] - Added pokemon 993:Iron Jugulis
[Pokedex] 08042024.120234.835 [I] - Added pokemon 994:Iron Moth
[Pokedex] 08042024.120234.857 [I] - Added pokemon 995:Iron Thorns
[Pokedex] 08042024.120234.881 [I] - Added pokemon 996:Frigibax
[Pokedex] 08042024.120234.901 [I] - Added pokemon 997:Arctibax
[Pokedex] 08042024.120234.920 [I] - Added pokemon 998:Baxcalibur
[Pokedex] 08042024.120234.945 [I] - Added pokemon 999:Gimmighoul
[Pokedex] 08042024.120234.966 [I] - Added pokemon 1000:Gholdengo
[Pokedex] 08042024.120234.987 [I] - Added pokemon 1001:Wo-Chien
[Pokedex] 08042024.120235.006 [I] - Added pokemon 1002:Chien-Pao
[Pokedex] 08042024.120235.025 [I] - Added pokemon 1003:Ting-Lu
[Pokedex] 08042024.120235.049 [I] - Added pokemon 1004:Chi-Yu
[Pokedex] 08042024.120235.074 [I] - Added pokemon 1005:Roaring Moon
[Pokedex] 08042024.120235.095 [I] - Added pokemon 1006:Iron Valiant
[Pokedex] 08042024.120235.112 [I] - Added pokemon 1007:Koraidon
[Pokedex] 08042024.120235.136 [I] - Added pokemon 1008:Miraidon
[Pokedex] 08042024.120235.153 [I] - Added pokemon 1009:Walking Wake
[Pokedex] 08042024.120235.171 [I] - Added pokemon 1010:Iron Leaves
[Pokedex] 08042024.120235.192 [I] - Added pokemon 1011:Dipplin
[Pokedex] 08042024.120235.208 [I] - Added pokemon 1012:Poltchageist
[Pokedex] 08042024.120235.223 [I] - Added pokemon 1013:Sinistcha
[Pokedex] 08042024.120235.239 [I] - Added pokemon 1014:Okidogi
[Pokedex] 08042024.120235.255 [I] - Added pokemon 1015:Munkidori
[Pokedex] 08042024.120235.273 [I] - Added pokemon 1016:Fezandipiti
[Pokedex] 08042024.120235.289 [I] - Added pokemon 1017:Ogerpon
[Pokedex] 08042024.120235.313 [I] - Added pokemon 1018:Archaludon
[Pokedex] 08042024.120235.326 [I] - Added pokemon 1019:Hydrapple
[Pokedex] 08042024.120235.343 [I] - Added pokemon 1020:Gouging Fire
[Pokedex] 08042024.120235.361 [I] - Added pokemon 1021:Raging Bolt
[Pokedex] 08042024.120235.380 [I] - Added pokemon 1022:Iron Boulder
[Pokedex] 08042024.120235.392 [I] - Added pokemon 1023:Iron Crown
[Pokedex] 08042024.120235.405 [I] - Added pokemon 1024:Terapagos
[Pokedex] 08042024.120235.417 [I] - Added pokemon 1025:Pecharunt
